0 info it worked if it ends with ok
1 verbose cli [ '/Users/xyz/.nvm/versions/node/v6.7.0/bin/node',
1 verbose cli   '/Users/xyz/.nvm/versions/node/v6.7.0/bin/npm',
1 verbose cli   'install' ]
2 info using npm@3.10.8
3 info using node@v6.7.0
4 silly loadCurrentTree Starting
5 silly install loadCurrentTree
6 silly install readLocalPackageData
7 silly install normalizeTree
8 silly loadCurrentTree Finishing
9 silly loadIdealTree Starting
10 silly install loadIdealTree
11 silly cloneCurrentTree Starting
12 silly install cloneCurrentTreeToIdealTree
13 silly cloneCurrentTree Finishing
14 silly loadShrinkwrap Starting
15 silly install loadShrinkwrap
16 silly loadShrinkwrap Finishing
17 silly loadAllDepsIntoIdealTree Starting
18 silly install loadAllDepsIntoIdealTree
19 silly fetchNamedPackageData gulp
20 silly mapToRegistry name gulp
21 silly mapToRegistry using default registry
22 silly mapToRegistry registry https://registry.npmjs.org/
23 silly mapToRegistry data Result {
23 silly mapToRegistry   raw: 'gulp',
23 silly mapToRegistry   scope: null,
23 silly mapToRegistry   escapedName: 'gulp',
23 silly mapToRegistry   name: 'gulp',
23 silly mapToRegistry   rawSpec: '',
23 silly mapToRegistry   spec: 'latest',
23 silly mapToRegistry   type: 'tag' }
24 silly mapToRegistry uri https://registry.npmjs.org/gulp
25 silly fetchNamedPackageData laravel-elixir
26 silly mapToRegistry name laravel-elixir
27 silly mapToRegistry using default registry
28 silly mapToRegistry registry https://registry.npmjs.org/
29 silly mapToRegistry data Result {
29 silly mapToRegistry   raw: 'laravel-elixir',
29 silly mapToRegistry   scope: null,
29 silly mapToRegistry   escapedName: 'laravel-elixir',
29 silly mapToRegistry   name: 'laravel-elixir',
29 silly mapToRegistry   rawSpec: '',
29 silly mapToRegistry   spec: 'latest',
29 silly mapToRegistry   type: 'tag' }
30 silly mapToRegistry uri https://registry.npmjs.org/laravel-elixir
31 silly fetchNamedPackageData bootstrap-sass
32 silly mapToRegistry name bootstrap-sass
33 silly mapToRegistry using default registry
34 silly mapToRegistry registry https://registry.npmjs.org/
35 silly mapToRegistry data Result {
35 silly mapToRegistry   raw: 'bootstrap-sass',
35 silly mapToRegistry   scope: null,
35 silly mapToRegistry   escapedName: 'bootstrap-sass',
35 silly mapToRegistry   name: 'bootstrap-sass',
35 silly mapToRegistry   rawSpec: '',
35 silly mapToRegistry   spec: 'latest',
35 silly mapToRegistry   type: 'tag' }
36 silly mapToRegistry uri https://registry.npmjs.org/bootstrap-sass
37 verbose request uri https://registry.npmjs.org/bootstrap-sass
38 verbose request no auth needed
39 info attempt registry request try #1 at 4:33:17 PM
40 verbose request id 892a963f06d64b8a
41 verbose etag W/"582c1c44-7082"
42 verbose lastModified Wed, 16 Nov 2016 08:43:48 GMT
43 http request GET https://registry.npmjs.org/bootstrap-sass
44 verbose request uri https://registry.npmjs.org/gulp
45 verbose request no auth needed
46 info attempt registry request try #1 at 4:33:17 PM
47 verbose etag W/"58392d78-1c8a8"
48 verbose lastModified Sat, 26 Nov 2016 06:36:40 GMT
49 http request GET https://registry.npmjs.org/gulp
50 verbose request uri https://registry.npmjs.org/laravel-elixir
51 verbose request no auth needed
52 info attempt registry request try #1 at 4:33:17 PM
53 verbose etag W/"58346b65-50802"
54 verbose lastModified Tue, 22 Nov 2016 15:59:33 GMT
55 http request GET https://registry.npmjs.org/laravel-elixir
56 http 304 https://registry.npmjs.org/gulp
57 verbose headers { date: 'Sat, 26 Nov 2016 21:33:18 GMT',
57 verbose headers   via: '1.1 varnish',
57 verbose headers   'cache-control': 'max-age=300',
57 verbose headers   etag: 'W/"58392d78-1c8a8"',
57 verbose headers   age: '51',
57 verbose headers   connection: 'keep-alive',
57 verbose headers   'x-served-by': 'cache-dfw1832-DFW',
57 verbose headers   'x-cache': 'HIT',
57 verbose headers   'x-cache-hits': '2',
57 verbose headers   'x-timer': 'S1480195998.645397,VS0,VE0',
57 verbose headers   vary: 'Accept-Encoding' }
58 silly get cb [ 304,
58 silly get   { date: 'Sat, 26 Nov 2016 21:33:18 GMT',
58 silly get     via: '1.1 varnish',
58 silly get     'cache-control': 'max-age=300',
58 silly get     etag: 'W/"58392d78-1c8a8"',
58 silly get     age: '51',
58 silly get     connection: 'keep-alive',
58 silly get     'x-served-by': 'cache-dfw1832-DFW',
58 silly get     'x-cache': 'HIT',
58 silly get     'x-cache-hits': '2',
58 silly get     'x-timer': 'S1480195998.645397,VS0,VE0',
58 silly get     vary: 'Accept-Encoding' } ]
59 verbose etag https://registry.npmjs.org/gulp from cache
60 verbose get saving gulp to /Users/xyz/.npm/registry.npmjs.org/gulp/.cache.json
61 verbose correctMkdir /Users/xyz/.npm correctMkdir not in flight; initializing
62 http 304 https://registry.npmjs.org/laravel-elixir
63 verbose headers { date: 'Sat, 26 Nov 2016 21:33:18 GMT',
63 verbose headers   via: '1.1 varnish',
63 verbose headers   'cache-control': 'max-age=300',
63 verbose headers   etag: 'W/"58346b65-50802"',
63 verbose headers   age: '297',
63 verbose headers   connection: 'keep-alive',
63 verbose headers   'x-served-by': 'cache-dfw1846-DFW',
63 verbose headers   'x-cache': 'HIT',
63 verbose headers   'x-cache-hits': '1',
63 verbose headers   'x-timer': 'S1480195998.646458,VS0,VE2',
63 verbose headers   vary: 'Accept-Encoding' }
64 silly get cb [ 304,
64 silly get   { date: 'Sat, 26 Nov 2016 21:33:18 GMT',
64 silly get     via: '1.1 varnish',
64 silly get     'cache-control': 'max-age=300',
64 silly get     etag: 'W/"58346b65-50802"',
64 silly get     age: '297',
64 silly get     connection: 'keep-alive',
64 silly get     'x-served-by': 'cache-dfw1846-DFW',
64 silly get     'x-cache': 'HIT',
64 silly get     'x-cache-hits': '1',
64 silly get     'x-timer': 'S1480195998.646458,VS0,VE2',
64 silly get     vary: 'Accept-Encoding' } ]
65 verbose etag https://registry.npmjs.org/laravel-elixir from cache
66 verbose get saving laravel-elixir to /Users/xyz/.npm/registry.npmjs.org/laravel-elixir/.cache.json
67 verbose correctMkdir /Users/xyz/.npm correctMkdir already in flight; waiting
68 silly resolveWithNewModule gulp@3.9.1 checking installable status
69 silly cache add args [ 'gulp@^3.9.1', null ]
70 verbose cache add spec gulp@^3.9.1
71 silly cache add parsed spec Result {
71 silly cache add   raw: 'gulp@^3.9.1',
71 silly cache add   scope: null,
71 silly cache add   escapedName: 'gulp',
71 silly cache add   name: 'gulp',
71 silly cache add   rawSpec: '^3.9.1',
71 silly cache add   spec: '>=3.9.1 <4.0.0',
71 silly cache add   type: 'range' }
72 silly addNamed gulp@>=3.9.1 <4.0.0
73 verbose addNamed ">=3.9.1 <4.0.0" is a valid semver range for gulp
74 silly addNameRange { name: 'gulp', range: '>=3.9.1 <4.0.0', hasData: false }
75 silly mapToRegistry name gulp
76 silly mapToRegistry using default registry
77 silly mapToRegistry registry https://registry.npmjs.org/
78 silly mapToRegistry data Result {
78 silly mapToRegistry   raw: 'gulp',
78 silly mapToRegistry   scope: null,
78 silly mapToRegistry   escapedName: 'gulp',
78 silly mapToRegistry   name: 'gulp',
78 silly mapToRegistry   rawSpec: '',
78 silly mapToRegistry   spec: 'latest',
78 silly mapToRegistry   type: 'tag' }
79 silly mapToRegistry uri https://registry.npmjs.org/gulp
80 verbose addNameRange registry:https://registry.npmjs.org/gulp not in flight; fetching
81 silly resolveWithNewModule laravel-elixir@5.0.0 checking installable status
82 silly cache add args [ 'laravel-elixir@^5.0.0', null ]
83 verbose cache add spec laravel-elixir@^5.0.0
84 silly cache add parsed spec Result {
84 silly cache add   raw: 'laravel-elixir@^5.0.0',
84 silly cache add   scope: null,
84 silly cache add   escapedName: 'laravel-elixir',
84 silly cache add   name: 'laravel-elixir',
84 silly cache add   rawSpec: '^5.0.0',
84 silly cache add   spec: '>=5.0.0 <6.0.0',
84 silly cache add   type: 'range' }
85 silly addNamed laravel-elixir@>=5.0.0 <6.0.0
86 verbose addNamed ">=5.0.0 <6.0.0" is a valid semver range for laravel-elixir
87 silly addNameRange { name: 'laravel-elixir',
87 silly addNameRange   range: '>=5.0.0 <6.0.0',
87 silly addNameRange   hasData: false }
88 silly mapToRegistry name laravel-elixir
89 silly mapToRegistry using default registry
90 silly mapToRegistry registry https://registry.npmjs.org/
91 silly mapToRegistry data Result {
91 silly mapToRegistry   raw: 'laravel-elixir',
91 silly mapToRegistry   scope: null,
91 silly mapToRegistry   escapedName: 'laravel-elixir',
91 silly mapToRegistry   name: 'laravel-elixir',
91 silly mapToRegistry   rawSpec: '',
91 silly mapToRegistry   spec: 'latest',
91 silly mapToRegistry   type: 'tag' }
92 silly mapToRegistry uri https://registry.npmjs.org/laravel-elixir
93 verbose addNameRange registry:https://registry.npmjs.org/laravel-elixir not in flight; fetching
94 verbose get https://registry.npmjs.org/gulp not expired, no request
95 silly addNameRange number 2 { name: 'gulp', range: '>=3.9.1 <4.0.0', hasData: true }
96 silly addNameRange versions [ 'gulp',
96 silly addNameRange   [ '0.0.1',
96 silly addNameRange     '0.0.2',
96 silly addNameRange     '0.0.3',
96 silly addNameRange     '0.0.4',
96 silly addNameRange     '0.0.5',
96 silly addNameRange     '0.0.7',
96 silly addNameRange     '0.0.8',
96 silly addNameRange     '0.0.9',
96 silly addNameRange     '0.1.0',
96 silly addNameRange     '0.2.0',
96 silly addNameRange     '1.0.0',
96 silly addNameRange     '1.1.0',
96 silly addNameRange     '1.2.0',
96 silly addNameRange     '1.2.1',
96 silly addNameRange     '2.0.0',
96 silly addNameRange     '2.0.1',
96 silly addNameRange     '2.1.0',
96 silly addNameRange     '2.2.0',
96 silly addNameRange     '2.3.0',
96 silly addNameRange     '2.4.0',
96 silly addNameRange     '2.4.1',
96 silly addNameRange     '2.6.0',
96 silly addNameRange     '2.6.1',
96 silly addNameRange     '2.7.0',
96 silly addNameRange     '3.0.0',
96 silly addNameRange     '3.1.1',
96 silly addNameRange     '3.1.2',
96 silly addNameRange     '3.1.3',
96 silly addNameRange     '3.1.4',
96 silly addNameRange     '3.2.0',
96 silly addNameRange     '3.2.1',
96 silly addNameRange     '3.2.2',
96 silly addNameRange     '3.2.3',
96 silly addNameRange     '3.2.4',
96 silly addNameRange     '3.2.5',
96 silly addNameRange     '3.3.0',
96 silly addNameRange     '3.3.1',
96 silly addNameRange     '3.3.2',
96 silly addNameRange     '3.3.4',
96 silly addNameRange     '3.4.0',
96 silly addNameRange     '3.5.0',
96 silly addNameRange     '3.5.1',
96 silly addNameRange     '3.5.2',
96 silly addNameRange     '3.5.5',
96 silly addNameRange     '3.5.6',
96 silly addNameRange     '3.6.0',
96 silly addNameRange     '3.6.1',
96 silly addNameRange     '3.6.2',
96 silly addNameRange     '3.7.0',
96 silly addNameRange     '3.8.0',
96 silly addNameRange     '3.8.1',
96 silly addNameRange     '3.8.2',
96 silly addNameRange     '3.8.3',
96 silly addNameRange     '3.8.4',
96 silly addNameRange     '3.8.5',
96 silly addNameRange     '3.8.6',
96 silly addNameRange     '3.8.7',
96 silly addNameRange     '3.8.8',
96 silly addNameRange     '3.8.9',
96 silly addNameRange     '3.8.10',
96 silly addNameRange     '3.8.11',
96 silly addNameRange     '3.9.0',
96 silly addNameRange     '3.9.1' ] ]
97 silly addNamed gulp@3.9.1
98 verbose addNamed "3.9.1" is a plain semver version for gulp
99 verbose get https://registry.npmjs.org/laravel-elixir not expired, no request
100 silly addNameRange number 2 { name: 'laravel-elixir',
100 silly addNameRange   range: '>=5.0.0 <6.0.0',
100 silly addNameRange   hasData: true }
101 silly addNameRange versions [ 'laravel-elixir',
101 silly addNameRange   [ '0.1.0',
101 silly addNameRange     '0.1.1',
101 silly addNameRange     '0.1.2',
101 silly addNameRange     '0.1.3',
101 silly addNameRange     '0.1.4',
101 silly addNameRange     '0.1.5',
101 silly addNameRange     '0.1.6',
101 silly addNameRange     '0.1.7',
101 silly addNameRange     '0.1.8',
101 silly addNameRange     '0.1.9',
101 silly addNameRange     '0.2.0',
101 silly addNameRange     '0.2.1',
101 silly addNameRange     '0.2.2',
101 silly addNameRange     '0.3.0',
101 silly addNameRange     '0.3.1',
101 silly addNameRange     '0.3.2',
101 silly addNameRange     '0.3.3',
101 silly addNameRange     '0.3.4',
101 silly addNameRange     '0.3.5',
101 silly addNameRange     '0.3.7',
101 silly addNameRange     '0.3.8',
101 silly addNameRange     '0.3.9',
101 silly addNameRange     '0.3.10',
101 silly addNameRange     '0.3.11',
101 silly addNameRange     '0.4.0',
101 silly addNameRange     '0.4.1',
101 silly addNameRange     '0.4.3',
101 silly addNameRange     '0.4.4',
101 silly addNameRange     '0.4.5',
101 silly addNameRange     '0.4.6',
101 silly addNameRange     '0.4.7',
101 silly addNameRange     '0.4.8',
101 silly addNameRange     '0.4.9',
101 silly addNameRange     '0.4.10',
101 silly addNameRange     '0.4.11',
101 silly addNameRange     '0.4.12',
101 silly addNameRange     '0.4.13',
101 silly addNameRange     '0.4.14',
101 silly addNameRange     '0.4.15',
101 silly addNameRange     '0.4.16',
101 silly addNameRange     '0.4.17',
101 silly addNameRange     '0.5.0',
101 silly addNameRange     '0.5.1',
101 silly addNameRange     '0.5.2',
101 silly addNameRange     '0.5.3',
101 silly addNameRange     '0.5.4',
101 silly addNameRange     '0.5.5',
101 silly addNameRange     '0.5.6',
101 silly addNameRange     '0.5.7',
101 silly addNameRange     '0.5.8',
101 silly addNameRange     '0.6.0',
101 silly addNameRange     '0.6.1',
101 silly addNameRange     '0.6.2',
101 silly addNameRange     '0.6.3',
101 silly addNameRange     '0.6.4',
101 silly addNameRange     '0.6.5',
101 silly addNameRange     '0.6.6',
101 silly addNameRange     '0.7.0',
101 silly addNameRange     '0.6.7',
101 silly addNameRange     '0.6.8',
101 silly addNameRange     '0.7.1',
101 silly addNameRange     '0.7.3',
101 silly addNameRange     '0.7.4',
101 silly addNameRange     '0.7.5',
101 silly addNameRange     '0.7.6',
101 silly addNameRange     '0.7.7',
101 silly addNameRange     '0.7.8',
101 silly addNameRange     '0.7.9',
101 silly addNameRange     '0.7.10',
101 silly addNameRange     '0.7.11',
101 silly addNameRange     '0.8.0',
101 silly addNameRange     '0.8.1',
101 silly addNameRange     '0.9.1',
101 silly addNameRange     '0.10.0',
101 silly addNameRange     '0.10.1',
101 silly addNameRange     '0.10.2',
101 silly addNameRange     '0.10.3',
101 silly addNameRange     '0.10.4',
101 silly addNameRange     '0.10.5',
101 silly addNameRange     '0.10.6',
101 silly addNameRange     '0.10.7',
101 silly addNameRange     '0.11.0',
101 silly addNameRange     '0.12.0',
101 silly addNameRange     '0.12.2',
101 silly addNameRange     '0.12.3',
101 silly addNameRange     '0.13.0',
101 silly addNameRange     '0.13.1',
101 silly addNameRange     '0.13.2',
101 silly addNameRange     '0.13.3',
101 silly addNameRange     '0.14.0',
101 silly addNameRange     '0.14.2',
101 silly addNameRange     '0.14.3',
101 silly addNameRange     '0.14.4',
101 silly addNameRange     '0.15.0',
101 silly addNameRange     '0.15.1',
101 silly addNameRange     '0.15.2',
101 silly addNameRange     '0.15.3',
101 silly addNameRange     '0.15.4',
101 silly addNameRange     '0.15.5',
101 silly addNameRange     '0.16.0',
101 silly addNameRange     ... 92 more items ] ]
102 silly addNamed laravel-elixir@5.0.0
103 verbose addNamed "5.0.0" is a plain semver version for laravel-elixir
104 http 304 https://registry.npmjs.org/bootstrap-sass
105 verbose headers { date: 'Sat, 26 Nov 2016 21:33:18 GMT',
105 verbose headers   via: '1.1 varnish',
105 verbose headers   'cache-control': 'max-age=300',
105 verbose headers   etag: 'W/"582c1c44-7082"',
105 verbose headers   age: '0',
105 verbose headers   connection: 'keep-alive',
105 verbose headers   'x-served-by': 'cache-dfw1825-DFW',
105 verbose headers   'x-cache': 'HIT',
105 verbose headers   'x-cache-hits': '1',
105 verbose headers   'x-timer': 'S1480195998.551179,VS0,VE172',
105 verbose headers   vary: 'Accept-Encoding' }
106 silly get cb [ 304,
106 silly get   { date: 'Sat, 26 Nov 2016 21:33:18 GMT',
106 silly get     via: '1.1 varnish',
106 silly get     'cache-control': 'max-age=300',
106 silly get     etag: 'W/"582c1c44-7082"',
106 silly get     age: '0',
106 silly get     connection: 'keep-alive',
106 silly get     'x-served-by': 'cache-dfw1825-DFW',
106 silly get     'x-cache': 'HIT',
106 silly get     'x-cache-hits': '1',
106 silly get     'x-timer': 'S1480195998.551179,VS0,VE172',
106 silly get     vary: 'Accept-Encoding' } ]
107 verbose etag https://registry.npmjs.org/bootstrap-sass from cache
108 verbose get saving bootstrap-sass to /Users/xyz/.npm/registry.npmjs.org/bootstrap-sass/.cache.json
109 verbose correctMkdir /Users/xyz/.npm correctMkdir not in flight; initializing
110 silly cache afterAdd laravel-elixir@5.0.0
111 verbose afterAdd /Users/xyz/.npm/laravel-elixir/5.0.0/package/package.json not in flight; writing
112 verbose correctMkdir /Users/xyz/.npm correctMkdir not in flight; initializing
113 silly cache afterAdd gulp@3.9.1
114 verbose afterAdd /Users/xyz/.npm/gulp/3.9.1/package/package.json not in flight; writing
115 verbose correctMkdir /Users/xyz/.npm correctMkdir not in flight; initializing
116 verbose afterAdd /Users/xyz/.npm/laravel-elixir/5.0.0/package/package.json written
117 silly fetchNamedPackageData No valid target from cache, forcing network
118 verbose request uri https://registry.npmjs.org/bootstrap-sass
119 verbose request no auth needed
120 info attempt registry request try #1 at 4:33:18 PM
121 http request GET https://registry.npmjs.org/bootstrap-sass
122 verbose afterAdd /Users/xyz/.npm/gulp/3.9.1/package/package.json written
123 http 200 https://registry.npmjs.org/bootstrap-sass
124 verbose headers { server: 'nginx/1.10.1',
124 verbose headers   'content-type': 'application/json',
124 verbose headers   'last-modified': 'Wed, 16 Nov 2016 08:43:48 GMT',
124 verbose headers   etag: 'W/"582c1c44-7082"',
124 verbose headers   'content-encoding': 'gzip',
124 verbose headers   'cache-control': 'max-age=300',
124 verbose headers   'content-length': '7430',
124 verbose headers   'accept-ranges': 'bytes',
124 verbose headers   date: 'Sat, 26 Nov 2016 21:33:18 GMT',
124 verbose headers   via: '1.1 varnish',
124 verbose headers   age: '0',
124 verbose headers   connection: 'keep-alive',
124 verbose headers   'x-served-by': 'cache-dfw1832-DFW',
124 verbose headers   'x-cache': 'HIT',
124 verbose headers   'x-cache-hits': '1',
124 verbose headers   'x-timer': 'S1480195998.854364,VS0,VE0',
124 verbose headers   vary: 'Accept-Encoding' }
125 silly get cb [ 200,
125 silly get   { server: 'nginx/1.10.1',
125 silly get     'content-type': 'application/json',
125 silly get     'last-modified': 'Wed, 16 Nov 2016 08:43:48 GMT',
125 silly get     etag: 'W/"582c1c44-7082"',
125 silly get     'content-encoding': 'gzip',
125 silly get     'cache-control': 'max-age=300',
125 silly get     'content-length': '7430',
125 silly get     'accept-ranges': 'bytes',
125 silly get     date: 'Sat, 26 Nov 2016 21:33:18 GMT',
125 silly get     via: '1.1 varnish',
125 silly get     age: '0',
125 silly get     connection: 'keep-alive',
125 silly get     'x-served-by': 'cache-dfw1832-DFW',
125 silly get     'x-cache': 'HIT',
125 silly get     'x-cache-hits': '1',
125 silly get     'x-timer': 'S1480195998.854364,VS0,VE0',
125 silly get     vary: 'Accept-Encoding' } ]
126 verbose get saving bootstrap-sass to /Users/xyz/.npm/registry.npmjs.org/bootstrap-sass/.cache.json
127 verbose correctMkdir /Users/xyz/.npm correctMkdir not in flight; initializing
128 silly fetchPackageMetaData Error: No compatible version found: bootstrap-sass@^3.6.0
128 silly fetchPackageMetaData Valid install targets:
128 silly fetchPackageMetaData 3.3.7, 3.3.6, 3.3.5, 3.3.4, 3.3.3, 3.3.2, 3.3.1, 3.3.0, 3.2.0, 3.1.1, 2.3.2
128 silly fetchPackageMetaData
128 silly fetchPackageMetaData     at pickVersionFromRegistryDocument (/Users/xyz/.nvm/versions/node/v6.7.0/lib/node_modules/npm/lib/fetch-package-metadata.js:178:16)
128 silly fetchPackageMetaData     at /Users/xyz/.nvm/versions/node/v6.7.0/lib/node_modules/npm/node_modules/iferr/index.js:13:50
128 silly fetchPackageMetaData     at /Users/xyz/.nvm/versions/node/v6.7.0/lib/node_modules/npm/lib/utils/pulse-till-done.js:20:8
128 silly fetchPackageMetaData     at saved (/Users/xyz/.nvm/versions/node/v6.7.0/lib/node_modules/npm/lib/cache/caching-client.js:174:7)
128 silly fetchPackageMetaData     at /Users/xyz/.nvm/versions/node/v6.7.0/lib/node_modules/npm/node_modules/graceful-fs/polyfills.js:233:18
128 silly fetchPackageMetaData     at FSReqWrap.oncomplete (fs.js:123:15)
128 silly fetchPackageMetaData  error for bootstrap-sass@^3.6.0 { Error: No compatible version found: bootstrap-sass@^3.6.0
128 silly fetchPackageMetaData Valid install targets:
128 silly fetchPackageMetaData 3.3.7, 3.3.6, 3.3.5, 3.3.4, 3.3.3, 3.3.2, 3.3.1, 3.3.0, 3.2.0, 3.1.1, 2.3.2
128 silly fetchPackageMetaData
128 silly fetchPackageMetaData     at pickVersionFromRegistryDocument (/Users/xyz/.nvm/versions/node/v6.7.0/lib/node_modules/npm/lib/fetch-package-metadata.js:178:16)
128 silly fetchPackageMetaData     at /Users/xyz/.nvm/versions/node/v6.7.0/lib/node_modules/npm/node_modules/iferr/index.js:13:50
128 silly fetchPackageMetaData     at /Users/xyz/.nvm/versions/node/v6.7.0/lib/node_modules/npm/lib/utils/pulse-till-done.js:20:8
128 silly fetchPackageMetaData     at saved (/Users/xyz/.nvm/versions/node/v6.7.0/lib/node_modules/npm/lib/cache/caching-client.js:174:7)
128 silly fetchPackageMetaData     at /Users/xyz/.nvm/versions/node/v6.7.0/lib/node_modules/npm/node_modules/graceful-fs/polyfills.js:233:18
128 silly fetchPackageMetaData     at FSReqWrap.oncomplete (fs.js:123:15) code: 'ETARGET' }
129 silly rollbackFailedOptional Starting
130 silly rollbackFailedOptional Finishing
131 silly runTopLevelLifecycles Finishing
132 silly install printInstalled
133 verbose stack Error: No compatible version found: bootstrap-sass@^3.6.0
133 verbose stack Valid install targets:
133 verbose stack 3.3.7, 3.3.6, 3.3.5, 3.3.4, 3.3.3, 3.3.2, 3.3.1, 3.3.0, 3.2.0, 3.1.1, 2.3.2
133 verbose stack
133 verbose stack     at pickVersionFromRegistryDocument (/Users/xyz/.nvm/versions/node/v6.7.0/lib/node_modules/npm/lib/fetch-package-metadata.js:178:16)
133 verbose stack     at /Users/xyz/.nvm/versions/node/v6.7.0/lib/node_modules/npm/node_modules/iferr/index.js:13:50
133 verbose stack     at /Users/xyz/.nvm/versions/node/v6.7.0/lib/node_modules/npm/lib/utils/pulse-till-done.js:20:8
133 verbose stack     at saved (/Users/xyz/.nvm/versions/node/v6.7.0/lib/node_modules/npm/lib/cache/caching-client.js:174:7)
133 verbose stack     at /Users/xyz/.nvm/versions/node/v6.7.0/lib/node_modules/npm/node_modules/graceful-fs/polyfills.js:233:18
133 verbose stack     at FSReqWrap.oncomplete (fs.js:123:15)
134 verbose cwd /Users/xyz/Documents/Inventario
135 error Darwin 16.1.0
136 error argv "/Users/xyz/.nvm/versions/node/v6.7.0/bin/node" "/Users/xyz/.nvm/versions/node/v6.7.0/bin/npm" "install"
137 error node v6.7.0
138 error npm  v3.10.8
139 error code ETARGET
140 error notarget No compatible version found: bootstrap-sass@^3.6.0
140 error notarget Valid install targets:
140 error notarget 3.3.7, 3.3.6, 3.3.5, 3.3.4, 3.3.3, 3.3.2, 3.3.1, 3.3.0, 3.2.0, 3.1.1, 2.3.2
141 error notarget This is most likely not a problem with npm itself.
141 error notarget In most cases you or one of your dependencies are requesting
141 error notarget a package version that doesn't exist.
142 verbose exit [ 1, true ]
